<?xml version="1.0" encoding="UTF-8"?>
<!-- Generated by org.testng.reporters.JUnitReportReporter -->
<testsuite skipped="0" hostname="DESKTOP-0L4IDF0" name="com.testing.demo.sample.RestAPICurrency" tests="1" failures="0" timestamp="14 Apr 2018 20:31:53 GMT" time="4.181" errors="0">
  <testcase name="testGetFindwithId" time="4.181" classname="com.testing.demo.sample.RestAPICurrency"/>
</testsuite> <!-- com.testing.demo.sample.RestAPICurrency -->
