<?xml version="1.0" encoding="UTF-8"?>
<!-- Generated by org.testng.reporters.JUnitReportReporter -->
<testsuite skipped="0" hostname="DESKTOP-0L4IDF0" name="com.testing.demo.sample.TestFlipkart" tests="1" failures="0" timestamp="12 Apr 2018 18:22:47 GMT" time="21.481" errors="0">
  <testcase name="testFlipkart" time="21.481" classname="com.testing.demo.sample.TestFlipkart"/>
</testsuite> <!-- com.testing.demo.sample.TestFlipkart -->
