<?xml version="1.0" encoding="UTF-8"?>
<!-- Generated by org.testng.reporters.JUnitReportReporter -->
<testsuite skipped="0" hostname="BANL168a2584c.local" name="com.testin.demo.whatfix.WhatFixTestDemo" tests="1" failures="0" timestamp="26 Mar 2018 14:01:01 GMT" time="17.306" errors="0">
  <testcase name="whatFixTest" time="17.306" classname="com.testin.demo.whatfix.WhatFixTestDemo"/>
</testsuite> <!-- com.testin.demo.whatfix.WhatFixTestDemo -->
